<?xml version="1.0" encoding="UTF-8"?>
<testng-results ignored="0" total="1" passed="1" failed="0" skipped="0">
  <reporter-output>
  </reporter-output>
  <suite started-at="2024-07-05T08:56:52 IST" name="Master Suite" finished-at="2024-07-05T08:56:59 IST" duration-ms="6729">
    <groups>
      <group name="Master">
        <method signature="TC_002_LoginTest.verify_login()[pri:0, instance:testCases.TC_002_LoginTest@5f2606b]" name="verify_login" class="testCases.TC_002_LoginTest"/>
      </group> <!-- Master -->
      <group name="sanity">
        <method signature="TC_002_LoginTest.verify_login()[pri:0, instance:testCases.TC_002_LoginTest@5f2606b]" name="verify_login" class="testCases.TC_002_LoginTest"/>
      </group> <!-- sanity -->
    </groups>
    <test started-at="2024-07-05T08:56:52 IST" name="Test" finished-at="2024-07-05T08:56:59 IST" duration-ms="6729">
      <class name="testCases.TC_002_LoginTest">
        <test-method is-config="true" signature="setup(java.lang.String,java.lang.String)[pri:0, instance:testCases.TC_002_LoginTest@5f2606b]" started-at="2024-07-05T08:56:53 IST" name="setup" finished-at="2024-07-05T08:56:56 IST" duration-ms="3378" status="PASS">
          <params>
            <param index="0">
              <value>
                <![CDATA[windows]]>
              </value>
            </param>
            <param index="1">
              <value>
                <![CDATA[chrome]]>
              </value>
            </param>
          </params>
          <reporter-output>
          </reporter-output>
        </test-method> <!-- setup -->
        <test-method signature="verify_login()[pri:0, instance:testCases.TC_002_LoginTest@5f2606b]" started-at="2024-07-05T08:56:56 IST" name="verify_login" finished-at="2024-07-05T08:56:59 IST" duration-ms="2998" status="PASS">
          <reporter-output>
          </reporter-output>
        </test-method> <!-- verify_login -->
        <test-method is-config="true" signature="tearDown()[pri:0, instance:testCases.TC_002_LoginTest@5f2606b]" started-at="2024-07-05T08:56:59 IST" name="tearDown" finished-at="2024-07-05T08:56:59 IST" duration-ms="2" status="PASS">
          <reporter-output>
          </reporter-output>
        </test-method> <!-- tearDown -->
      </class> <!-- testCases.TC_002_LoginTest -->
    </test> <!-- Test -->
  </suite> <!-- Master Suite -->
</testng-results>
